<?xml version="1.0" encoding="UTF-8"?>
<testsuite name="As a new user, I want to register on the Utest page." tests="1" skipped="0" failures="0" errors="0" timestamp="2021-10-13T04:14:48" hostname="JoluB" time="28.503">
  <properties/>
  <testcase name="Successful user registration" classname="As a new user, I want to register on the Utest page." time="28.503"/>
  <system-out><![CDATA[]]></system-out>
  <system-err><![CDATA[[Test worker] WARN net.thucydides.core.steps.BaseStepListener - stepStarted: net.thucydides.core.steps.ExecutedStepDescription@ad0a13
[Test worker] WARN net.thucydides.core.steps.BaseStepListener - stepStarted: net.thucydides.core.steps.ExecutedStepDescription@25061850
[Test worker] WARN net.thucydides.core.steps.BaseStepListener - stepStarted: net.thucydides.core.steps.ExecutedStepDescription@639ccb4f
oct. 12, 2021 11:14:49 P. M. org.openqa.selenium.remote.DesiredCapabilities chrome
INFORMACIÓN: Using `new ChromeOptions()` is preferred to `DesiredCapabilities.chrome()`
[Test worker] INFO net.serenitybdd.core.webdriver.driverproviders.ProvideNewDriver - Instantiating driver
[Test worker] INFO net.serenitybdd.core.webdriver.driverproviders.ProvideNewDriver - Driver capabilities: Capabilities {acceptInsecureCerts: false, browserName: chrome, chrome.switches: --start-maximized, goog:chromeOptions: {args: [--start-maximized], extensions: []}, loggingPrefs: org.openqa.selenium.logging..., platform: ANY, version: }
Starting ChromeDriver 94.0.4606.41 (333e85df3c9b656b518b5f1add5ff246365b6c24-refs/branch-heads/4606@{#845}) on port 7558
Only local connections are allowed.
Please see https://chromedriver.chromium.org/security-considerations for suggestions on keeping ChromeDriver safe.
ChromeDriver was started successfully.
oct. 12, 2021 11:14:52 P. M. org.openqa.selenium.remote.ProtocolHandshake createSession
INFORMACIÓN: Detected dialect: W3C
[Test worker] WARN net.thucydides.core.steps.BaseStepListener - stepFinished: current outcome:Successful user registration:Given Jorge wants to register on the platform [Jorge open up [Jorge opens the Plattform page]]
[Test worker] WARN net.thucydides.core.steps.BaseStepListener - stepStarted: net.thucydides.core.steps.ExecutedStepDescription@4d8cadf4
[Test worker] WARN net.thucydides.core.steps.BaseStepListener - stepFinished: current outcome:Successful user registration:Given Jorge wants to register on the platform [Jorge open up [Jorge opens the Plattform page, Jorge clicks on Join button]]
[Test worker] WARN net.thucydides.core.steps.BaseStepListener - stepFinished: current outcome:Successful user registration:Given Jorge wants to register on the platform [Jorge open up [Jorge opens the Plattform page, Jorge clicks on Join button]]
[Test worker] WARN net.thucydides.core.steps.BaseStepListener - stepFinished: current outcome:Successful user registration:Given Jorge wants to register on the platform [Jorge open up [Jorge opens the Plattform page, Jorge clicks on Join button]]
[Test worker] WARN net.thucydides.core.steps.BaseStepListener - stepStarted: net.thucydides.core.steps.ExecutedStepDescription@3508f4c0
[Test worker] WARN net.thucydides.core.steps.BaseStepListener - stepStarted: net.thucydides.core.steps.ExecutedStepDescription@3d8bf293
[Test worker] WARN net.thucydides.core.steps.BaseStepListener - stepStarted: net.thucydides.core.steps.ExecutedStepDescription@332de515
[Test worker] WARN net.thucydides.core.steps.BaseStepListener - stepFinished: current outcome:Successful user registration:Given Jorge wants to register on the platform [Jorge open up [Jorge opens the Plattform page, Jorge clicks on Join button]], When the user completes all the information in the form
| strFirstName | strLastName | strEmail | strBirthMonth | strBirthDay | strBirthYear | strCity | strZip | strCountry | strPassword |
| Jorge | Luis | mcenf2023@gmail.com | December | 27 | 1984 | Bogotá | 57091 | Colombia | Clave32101* | [Jorge fill out about [Jorge enters 'Jorge' into First Name]]
[Test worker] WARN net.thucydides.core.steps.BaseStepListener - stepStarted: net.thucydides.core.steps.ExecutedStepDescription@50b9ae00
[Test worker] WARN net.thucydides.core.steps.BaseStepListener - stepFinished: current outcome:Successful user registration:Given Jorge wants to register on the platform [Jorge open up [Jorge opens the Plattform page, Jorge clicks on Join button]], When the user completes all the information in the form
| strFirstName | strLastName | strEmail | strBirthMonth | strBirthDay | strBirthYear | strCity | strZip | strCountry | strPassword |
| Jorge | Luis | mcenf2023@gmail.com | December | 27 | 1984 | Bogotá | 57091 | Colombia | Clave32101* | [Jorge fill out about [Jorge enters 'Jorge' into First Name, Jorge enters 'Luis' into Last Name]]
[Test worker] WARN net.thucydides.core.steps.BaseStepListener - stepStarted: net.thucydides.core.steps.ExecutedStepDescription@324510a1
[Test worker] WARN net.thucydides.core.steps.BaseStepListener - stepFinished: current outcome:Successful user registration:Given Jorge wants to register on the platform [Jorge open up [Jorge opens the Plattform page, Jorge clicks on Join button]], When the user completes all the information in the form
| strFirstName | strLastName | strEmail | strBirthMonth | strBirthDay | strBirthYear | strCity | strZip | strCountry | strPassword |
| Jorge | Luis | mcenf2023@gmail.com | December | 27 | 1984 | Bogotá | 57091 | Colombia | Clave32101* | [Jorge fill out about [Jorge enters 'Jorge' into First Name, Jorge enters 'Luis' into Last Name, Jorge enters 'mcenf2023@gmail.com' into Email]]
[Test worker] WARN net.thucydides.core.steps.BaseStepListener - stepStarted: net.thucydides.core.steps.ExecutedStepDescription@6c05d783
[Test worker] WARN net.thucydides.core.steps.BaseStepListener - stepFinished: current outcome:Successful user registration:Given Jorge wants to register on the platform [Jorge open up [Jorge opens the Plattform page, Jorge clicks on Join button]], When the user completes all the information in the form
| strFirstName | strLastName | strEmail | strBirthMonth | strBirthDay | strBirthYear | strCity | strZip | strCountry | strPassword |
| Jorge | Luis | mcenf2023@gmail.com | December | 27 | 1984 | Bogotá | 57091 | Colombia | Clave32101* | [Jorge fill out about [Jorge enters 'Jorge' into First Name, Jorge enters 'Luis' into Last Name, Jorge enters 'mcenf2023@gmail.com' into Email, Jorge select December on Birth Month]]
[Test worker] WARN net.thucydides.core.steps.BaseStepListener - stepStarted: net.thucydides.core.steps.ExecutedStepDescription@1cd4ff1f
[Test worker] WARN net.thucydides.core.steps.BaseStepListener - stepFinished: current outcome:Successful user registration:Given Jorge wants to register on the platform [Jorge open up [Jorge opens the Plattform page, Jorge clicks on Join button]], When the user completes all the information in the form
| strFirstName | strLastName | strEmail | strBirthMonth | strBirthDay | strBirthYear | strCity | strZip | strCountry | strPassword |
| Jorge | Luis | mcenf2023@gmail.com | December | 27 | 1984 | Bogotá | 57091 | Colombia | Clave32101* | [Jorge fill out about [Jorge enters 'Jorge' into First Name, Jorge enters 'Luis' into Last Name, Jorge enters 'mcenf2023@gmail.com' into Email, Jorge select December on Birth Month, Jorge select 27 on Birth Day]]
[Test worker] WARN net.thucydides.core.steps.BaseStepListener - stepStarted: net.thucydides.core.steps.ExecutedStepDescription@2ea56bed
[Test worker] WARN net.thucydides.core.steps.BaseStepListener - stepFinished: current outcome:Successful user registration:Given Jorge wants to register on the platform [Jorge open up [Jorge opens the Plattform page, Jorge clicks on Join button]], When the user completes all the information in the form
| strFirstName | strLastName | strEmail | strBirthMonth | strBirthDay | strBirthYear | strCity | strZip | strCountry | strPassword |
| Jorge | Luis | mcenf2023@gmail.com | December | 27 | 1984 | Bogotá | 57091 | Colombia | Clave32101* | [Jorge fill out about [Jorge enters 'Jorge' into First Name, Jorge enters 'Luis' into Last Name, Jorge enters 'mcenf2023@gmail.com' into Email, Jorge select December on Birth Month, Jorge select 27 on Birth Day, Jorge select 1984 on Birth Year]]
[Test worker] WARN net.thucydides.core.steps.BaseStepListener - stepStarted: net.thucydides.core.steps.ExecutedStepDescription@7f781748
[Test worker] WARN net.thucydides.core.steps.BaseStepListener - stepFinished: current outcome:Successful user registration:Given Jorge wants to register on the platform [Jorge open up [Jorge opens the Plattform page, Jorge clicks on Join button]], When the user completes all the information in the form
| strFirstName | strLastName | strEmail | strBirthMonth | strBirthDay | strBirthYear | strCity | strZip | strCountry | strPassword |
| Jorge | Luis | mcenf2023@gmail.com | December | 27 | 1984 | Bogotá | 57091 | Colombia | Clave32101* | [Jorge fill out about [Jorge enters 'Jorge' into First Name, Jorge enters 'Luis' into Last Name, Jorge enters 'mcenf2023@gmail.com' into Email, Jorge select December on Birth Month, Jorge select 27 on Birth Day, Jorge select 1984 on Birth Year, Jorge clicks on Button Location]]
[Test worker] WARN net.thucydides.core.steps.BaseStepListener - stepFinished: current outcome:Successful user registration:Given Jorge wants to register on the platform [Jorge open up [Jorge opens the Plattform page, Jorge clicks on Join button]], When the user completes all the information in the form
| strFirstName | strLastName | strEmail | strBirthMonth | strBirthDay | strBirthYear | strCity | strZip | strCountry | strPassword |
| Jorge | Luis | mcenf2023@gmail.com | December | 27 | 1984 | Bogotá | 57091 | Colombia | Clave32101* | [Jorge fill out about [Jorge enters 'Jorge' into First Name, Jorge enters 'Luis' into Last Name, Jorge enters 'mcenf2023@gmail.com' into Email, Jorge select December on Birth Month, Jorge select 27 on Birth Day, Jorge select 1984 on Birth Year, Jorge clicks on Button Location]]
[Test worker] WARN net.thucydides.core.steps.BaseStepListener - stepStarted: net.thucydides.core.steps.ExecutedStepDescription@1fe682f8
[Test worker] WARN net.thucydides.core.steps.BaseStepListener - stepStarted: net.thucydides.core.steps.ExecutedStepDescription@6dba434c
[Test worker] WARN net.thucydides.core.steps.BaseStepListener - stepFinished: current outcome:Successful user registration:Given Jorge wants to register on the platform [Jorge open up [Jorge opens the Plattform page, Jorge clicks on Join button]], When the user completes all the information in the form
| strFirstName | strLastName | strEmail | strBirthMonth | strBirthDay | strBirthYear | strCity | strZip | strCountry | strPassword |
| Jorge | Luis | mcenf2023@gmail.com | December | 27 | 1984 | Bogotá | 57091 | Colombia | Clave32101* | [Jorge fill out about [Jorge enters 'Jorge' into First Name, Jorge enters 'Luis' into Last Name, Jorge enters 'mcenf2023@gmail.com' into Email, Jorge select December on Birth Month, Jorge select 27 on Birth Day, Jorge select 1984 on Birth Year, Jorge clicks on Button Location], Jorge f ill out location [Jorge enters 'Bogotá' into City]]
[Test worker] WARN net.thucydides.core.steps.BaseStepListener - stepStarted: net.thucydides.core.steps.ExecutedStepDescription@425f81d8
[Test worker] WARN net.thucydides.core.steps.BaseStepListener - stepFinished: current outcome:Successful user registration:Given Jorge wants to register on the platform [Jorge open up [Jorge opens the Plattform page, Jorge clicks on Join button]], When the user completes all the information in the form
| strFirstName | strLastName | strEmail | strBirthMonth | strBirthDay | strBirthYear | strCity | strZip | strCountry | strPassword |
| Jorge | Luis | mcenf2023@gmail.com | December | 27 | 1984 | Bogotá | 57091 | Colombia | Clave32101* | [Jorge fill out about [Jorge enters 'Jorge' into First Name, Jorge enters 'Luis' into Last Name, Jorge enters 'mcenf2023@gmail.com' into Email, Jorge select December on Birth Month, Jorge select 27 on Birth Day, Jorge select 1984 on Birth Year, Jorge clicks on Button Location], Jorge f ill out location [Jorge enters 'Bogotá' into City, Jorge types 'ARROW_DOWN' in City]]
[Test worker] WARN net.thucydides.core.steps.BaseStepListener - stepStarted: net.thucydides.core.steps.ExecutedStepDescription@59c87e87
[Test worker] WARN net.thucydides.core.steps.BaseStepListener - stepFinished: current outcome:Successful user registration:Given Jorge wants to register on the platform [Jorge open up [Jorge opens the Plattform page, Jorge clicks on Join button]], When the user completes all the information in the form
| strFirstName | strLastName | strEmail | strBirthMonth | strBirthDay | strBirthYear | strCity | strZip | strCountry | strPassword |
| Jorge | Luis | mcenf2023@gmail.com | December | 27 | 1984 | Bogotá | 57091 | Colombia | Clave32101* | [Jorge fill out about [Jorge enters 'Jorge' into First Name, Jorge enters 'Luis' into Last Name, Jorge enters 'mcenf2023@gmail.com' into Email, Jorge select December on Birth Month, Jorge select 27 on Birth Day, Jorge select 1984 on Birth Year, Jorge clicks on Button Location], Jorge f ill out location [Jorge enters 'Bogotá' into City, Jorge types 'ARROW_DOWN' in City, Jorge types 'ENTER' in City]]
[Test worker] WARN net.thucydides.core.steps.BaseStepListener - stepStarted: net.thucydides.core.steps.ExecutedStepDescription@23084209
[Test worker] WARN net.thucydides.core.steps.BaseStepListener - stepFinished: current outcome:Successful user registration:Given Jorge wants to register on the platform [Jorge open up [Jorge opens the Plattform page, Jorge clicks on Join button]], When the user completes all the information in the form
| strFirstName | strLastName | strEmail | strBirthMonth | strBirthDay | strBirthYear | strCity | strZip | strCountry | strPassword |
| Jorge | Luis | mcenf2023@gmail.com | December | 27 | 1984 | Bogotá | 57091 | Colombia | Clave32101* | [Jorge fill out about [Jorge enters 'Jorge' into First Name, Jorge enters 'Luis' into Last Name, Jorge enters 'mcenf2023@gmail.com' into Email, Jorge select December on Birth Month, Jorge select 27 on Birth Day, Jorge select 1984 on Birth Year, Jorge clicks on Button Location], Jorge f ill out location [Jorge enters 'Bogotá' into City, Jorge types 'ARROW_DOWN' in City, Jorge types 'ENTER' in City, Jorge enters '57091' into Zip]]
[Test worker] WARN net.thucydides.core.steps.BaseStepListener - stepStarted: net.thucydides.core.steps.ExecutedStepDescription@1814bf0a
[Test worker] WARN net.thucydides.core.steps.BaseStepListener - stepFinished: current outcome:Successful user registration:Given Jorge wants to register on the platform [Jorge open up [Jorge opens the Plattform page, Jorge clicks on Join button]], When the user completes all the information in the form
| strFirstName | strLastName | strEmail | strBirthMonth | strBirthDay | strBirthYear | strCity | strZip | strCountry | strPassword |
| Jorge | Luis | mcenf2023@gmail.com | December | 27 | 1984 | Bogotá | 57091 | Colombia | Clave32101* | [Jorge fill out about [Jorge enters 'Jorge' into First Name, Jorge enters 'Luis' into Last Name, Jorge enters 'mcenf2023@gmail.com' into Email, Jorge select December on Birth Month, Jorge select 27 on Birth Day, Jorge select 1984 on Birth Year, Jorge clicks on Button Location], Jorge f ill out location [Jorge enters 'Bogotá' into City, Jorge types 'ARROW_DOWN' in City, Jorge types 'ENTER' in City, Jorge enters '57091' into Zip, Jorge clicks on Div Country]]
[Test worker] WARN net.thucydides.core.steps.BaseStepListener - stepStarted: net.thucydides.core.steps.ExecutedStepDescription@5b1f9c8c
[Test worker] WARN net.thucydides.core.steps.BaseStepListener - stepFinished: current outcome:Successful user registration:Given Jorge wants to register on the platform [Jorge open up [Jorge opens the Plattform page, Jorge clicks on Join button]], When the user completes all the information in the form
| strFirstName | strLastName | strEmail | strBirthMonth | strBirthDay | strBirthYear | strCity | strZip | strCountry | strPassword |
| Jorge | Luis | mcenf2023@gmail.com | December | 27 | 1984 | Bogotá | 57091 | Colombia | Clave32101* | [Jorge fill out about [Jorge enters 'Jorge' into First Name, Jorge enters 'Luis' into Last Name, Jorge enters 'mcenf2023@gmail.com' into Email, Jorge select December on Birth Month, Jorge select 27 on Birth Day, Jorge select 1984 on Birth Year, Jorge clicks on Button Location], Jorge f ill out location [Jorge enters 'Bogotá' into City, Jorge types 'ARROW_DOWN' in City, Jorge types 'ENTER' in City, Jorge enters '57091' into Zip, Jorge clicks on Div Country, Jorge enters 'Colombia' into Country]]
[Test worker] WARN net.thucydides.core.steps.BaseStepListener - stepStarted: net.thucydides.core.steps.ExecutedStepDescription@48f0f423
[Test worker] WARN net.thucydides.core.steps.BaseStepListener - stepFinished: current outcome:Successful user registration:Given Jorge wants to register on the platform [Jorge open up [Jorge opens the Plattform page, Jorge clicks on Join button]], When the user completes all the information in the form
| strFirstName | strLastName | strEmail | strBirthMonth | strBirthDay | strBirthYear | strCity | strZip | strCountry | strPassword |
| Jorge | Luis | mcenf2023@gmail.com | December | 27 | 1984 | Bogotá | 57091 | Colombia | Clave32101* | [Jorge fill out about [Jorge enters 'Jorge' into First Name, Jorge enters 'Luis' into Last Name, Jorge enters 'mcenf2023@gmail.com' into Email, Jorge select December on Birth Month, Jorge select 27 on Birth Day, Jorge select 1984 on Birth Year, Jorge clicks on Button Location], Jorge f ill out location [Jorge enters 'Bogotá' into City, Jorge types 'ARROW_DOWN' in City, Jorge types 'ENTER' in City, Jorge enters '57091' into Zip, Jorge clicks on Div Country, Jorge enters 'Colombia' into Country, Jorge clicks on Button to Devices]]
[Test worker] WARN net.thucydides.core.steps.BaseStepListener - stepFinished: current outcome:Successful user registration:Given Jorge wants to register on the platform [Jorge open up [Jorge opens the Plattform page, Jorge clicks on Join button]], When the user completes all the information in the form
| strFirstName | strLastName | strEmail | strBirthMonth | strBirthDay | strBirthYear | strCity | strZip | strCountry | strPassword |
| Jorge | Luis | mcenf2023@gmail.com | December | 27 | 1984 | Bogotá | 57091 | Colombia | Clave32101* | [Jorge fill out about [Jorge enters 'Jorge' into First Name, Jorge enters 'Luis' into Last Name, Jorge enters 'mcenf2023@gmail.com' into Email, Jorge select December on Birth Month, Jorge select 27 on Birth Day, Jorge select 1984 on Birth Year, Jorge clicks on Button Location], Jorge f ill out location [Jorge enters 'Bogotá' into City, Jorge types 'ARROW_DOWN' in City, Jorge types 'ENTER' in City, Jorge enters '57091' into Zip, Jorge clicks on Div Country, Jorge enters 'Colombia' into Country, Jorge clicks on Button to Devices]]
[Test worker] WARN net.thucydides.core.steps.BaseStepListener - stepStarted: net.thucydides.core.steps.ExecutedStepDescription@d9a57f7
[Test worker] WARN net.thucydides.core.steps.BaseStepListener - stepStarted: net.thucydides.core.steps.ExecutedStepDescription@55dbbfaf
[Test worker] WARN net.thucydides.core.steps.BaseStepListener - stepFinished: current outcome:Successful user registration:Given Jorge wants to register on the platform [Jorge open up [Jorge opens the Plattform page, Jorge clicks on Join button]], When the user completes all the information in the form
| strFirstName | strLastName | strEmail | strBirthMonth | strBirthDay | strBirthYear | strCity | strZip | strCountry | strPassword |
| Jorge | Luis | mcenf2023@gmail.com | December | 27 | 1984 | Bogotá | 57091 | Colombia | Clave32101* | [Jorge fill out about [Jorge enters 'Jorge' into First Name, Jorge enters 'Luis' into Last Name, Jorge enters 'mcenf2023@gmail.com' into Email, Jorge select December on Birth Month, Jorge select 27 on Birth Day, Jorge select 1984 on Birth Year, Jorge clicks on Button Location], Jorge f ill out location [Jorge enters 'Bogotá' into City, Jorge types 'ARROW_DOWN' in City, Jorge types 'ENTER' in City, Jorge enters '57091' into Zip, Jorge clicks on Div Country, Jorge enters 'Colombia' into Country, Jorge clicks on Button to Devices], Jorge fill out devices [Jorge clicks on Button Last Step]]
[Test worker] WARN net.thucydides.core.steps.BaseStepListener - stepFinished: current outcome:Successful user registration:Given Jorge wants to register on the platform [Jorge open up [Jorge opens the Plattform page, Jorge clicks on Join button]], When the user completes all the information in the form
| strFirstName | strLastName | strEmail | strBirthMonth | strBirthDay | strBirthYear | strCity | strZip | strCountry | strPassword |
| Jorge | Luis | mcenf2023@gmail.com | December | 27 | 1984 | Bogotá | 57091 | Colombia | Clave32101* | [Jorge fill out about [Jorge enters 'Jorge' into First Name, Jorge enters 'Luis' into Last Name, Jorge enters 'mcenf2023@gmail.com' into Email, Jorge select December on Birth Month, Jorge select 27 on Birth Day, Jorge select 1984 on Birth Year, Jorge clicks on Button Location], Jorge f ill out location [Jorge enters 'Bogotá' into City, Jorge types 'ARROW_DOWN' in City, Jorge types 'ENTER' in City, Jorge enters '57091' into Zip, Jorge clicks on Div Country, Jorge enters 'Colombia' into Country, Jorge clicks on Button to Devices], Jorge fill out devices [Jorge clicks on Button Last Step]]
[Test worker] WARN net.thucydides.core.steps.BaseStepListener - stepStarted: net.thucydides.core.steps.ExecutedStepDescription@79424c97
[Test worker] WARN net.thucydides.core.steps.BaseStepListener - stepStarted: net.thucydides.core.steps.ExecutedStepDescription@18ae44ac
[Test worker] WARN net.thucydides.core.steps.BaseStepListener - stepFinished: current outcome:Successful user registration:Given Jorge wants to register on the platform [Jorge open up [Jorge opens the Plattform page, Jorge clicks on Join button]], When the user completes all the information in the form
| strFirstName | strLastName | strEmail | strBirthMonth | strBirthDay | strBirthYear | strCity | strZip | strCountry | strPassword |
| Jorge | Luis | mcenf2023@gmail.com | December | 27 | 1984 | Bogotá | 57091 | Colombia | Clave32101* | [Jorge fill out about [Jorge enters 'Jorge' into First Name, Jorge enters 'Luis' into Last Name, Jorge enters 'mcenf2023@gmail.com' into Email, Jorge select December on Birth Month, Jorge select 27 on Birth Day, Jorge select 1984 on Birth Year, Jorge clicks on Button Location], Jorge f ill out location [Jorge enters 'Bogotá' into City, Jorge types 'ARROW_DOWN' in City, Jorge types 'ENTER' in City, Jorge enters '57091' into Zip, Jorge clicks on Div Country, Jorge enters 'Colombia' into Country, Jorge clicks on Button to Devices], Jorge fill out devices [Jorge clicks on Button Last Step], Jorge fill out last step [Jorge enters 'Clave32101*' into Password]]
[Test worker] WARN net.thucydides.core.steps.BaseStepListener - stepStarted: net.thucydides.core.steps.ExecutedStepDescription@54fdefbd
[Test worker] WARN net.thucydides.core.steps.BaseStepListener - stepFinished: current outcome:Successful user registration:Given Jorge wants to register on the platform [Jorge open up [Jorge opens the Plattform page, Jorge clicks on Join button]], When the user completes all the information in the form
| strFirstName | strLastName | strEmail | strBirthMonth | strBirthDay | strBirthYear | strCity | strZip | strCountry | strPassword |
| Jorge | Luis | mcenf2023@gmail.com | December | 27 | 1984 | Bogotá | 57091 | Colombia | Clave32101* | [Jorge fill out about [Jorge enters 'Jorge' into First Name, Jorge enters 'Luis' into Last Name, Jorge enters 'mcenf2023@gmail.com' into Email, Jorge select December on Birth Month, Jorge select 27 on Birth Day, Jorge select 1984 on Birth Year, Jorge clicks on Button Location], Jorge f ill out location [Jorge enters 'Bogotá' into City, Jorge types 'ARROW_DOWN' in City, Jorge types 'ENTER' in City, Jorge enters '57091' into Zip, Jorge clicks on Div Country, Jorge enters 'Colombia' into Country, Jorge clicks on Button to Devices], Jorge fill out devices [Jorge clicks on Button Last Step], Jorge fill out last step [Jorge enters 'Clave32101*' into Password, Jorge enters 'Clave32101*' into Confirm Password]]
[Test worker] WARN net.thucydides.core.steps.BaseStepListener - stepStarted: net.thucydides.core.steps.ExecutedStepDescription@317366f6
[Test worker] WARN net.thucydides.core.steps.BaseStepListener - stepFinished: current outcome:Successful user registration:Given Jorge wants to register on the platform [Jorge open up [Jorge opens the Plattform page, Jorge clicks on Join button]], When the user completes all the information in the form
| strFirstName | strLastName | strEmail | strBirthMonth | strBirthDay | strBirthYear | strCity | strZip | strCountry | strPassword |
| Jorge | Luis | mcenf2023@gmail.com | December | 27 | 1984 | Bogotá | 57091 | Colombia | Clave32101* | [Jorge fill out about [Jorge enters 'Jorge' into First Name, Jorge enters 'Luis' into Last Name, Jorge enters 'mcenf2023@gmail.com' into Email, Jorge select December on Birth Month, Jorge select 27 on Birth Day, Jorge select 1984 on Birth Year, Jorge clicks on Button Location], Jorge f ill out location [Jorge enters 'Bogotá' into City, Jorge types 'ARROW_DOWN' in City, Jorge types 'ENTER' in City, Jorge enters '57091' into Zip, Jorge clicks on Div Country, Jorge enters 'Colombia' into Country, Jorge clicks on Button to Devices], Jorge fill out devices [Jorge clicks on Button Last Step], Jorge fill out last step [Jorge enters 'Clave32101*' into Password, Jorge enters 'Clave32101*' into Confirm Password, Jorge clicks on CheckBox 01]]
[Test worker] WARN net.thucydides.core.steps.BaseStepListener - stepStarted: net.thucydides.core.steps.ExecutedStepDescription@8887706
[Test worker] WARN net.thucydides.core.steps.BaseStepListener - stepFinished: current outcome:Successful user registration:Given Jorge wants to register on the platform [Jorge open up [Jorge opens the Plattform page, Jorge clicks on Join button]], When the user completes all the information in the form
| strFirstName | strLastName | strEmail | strBirthMonth | strBirthDay | strBirthYear | strCity | strZip | strCountry | strPassword |
| Jorge | Luis | mcenf2023@gmail.com | December | 27 | 1984 | Bogotá | 57091 | Colombia | Clave32101* | [Jorge fill out about [Jorge enters 'Jorge' into First Name, Jorge enters 'Luis' into Last Name, Jorge enters 'mcenf2023@gmail.com' into Email, Jorge select December on Birth Month, Jorge select 27 on Birth Day, Jorge select 1984 on Birth Year, Jorge clicks on Button Location], Jorge f ill out location [Jorge enters 'Bogotá' into City, Jorge types 'ARROW_DOWN' in City, Jorge types 'ENTER' in City, Jorge enters '57091' into Zip, Jorge clicks on Div Country, Jorge enters 'Colombia' into Country, Jorge clicks on Button to Devices], Jorge fill out devices [Jorge clicks on Button Last Step], Jorge fill out last step [Jorge enters 'Clave32101*' into Password, Jorge enters 'Clave32101*' into Confirm Password, Jorge clicks on CheckBox 01, Jorge clicks on CheckBox 02]]
[Test worker] WARN net.thucydides.core.steps.BaseStepListener - stepStarted: net.thucydides.core.steps.ExecutedStepDescription@552aacbe
[Test worker] WARN net.thucydides.core.steps.BaseStepListener - stepFinished: current outcome:Successful user registration:Given Jorge wants to register on the platform [Jorge open up [Jorge opens the Plattform page, Jorge clicks on Join button]], When the user completes all the information in the form
| strFirstName | strLastName | strEmail | strBirthMonth | strBirthDay | strBirthYear | strCity | strZip | strCountry | strPassword |
| Jorge | Luis | mcenf2023@gmail.com | December | 27 | 1984 | Bogotá | 57091 | Colombia | Clave32101* | [Jorge fill out about [Jorge enters 'Jorge' into First Name, Jorge enters 'Luis' into Last Name, Jorge enters 'mcenf2023@gmail.com' into Email, Jorge select December on Birth Month, Jorge select 27 on Birth Day, Jorge select 1984 on Birth Year, Jorge clicks on Button Location], Jorge f ill out location [Jorge enters 'Bogotá' into City, Jorge types 'ARROW_DOWN' in City, Jorge types 'ENTER' in City, Jorge enters '57091' into Zip, Jorge clicks on Div Country, Jorge enters 'Colombia' into Country, Jorge clicks on Button to Devices], Jorge fill out devices [Jorge clicks on Button Last Step], Jorge fill out last step [Jorge enters 'Clave32101*' into Password, Jorge enters 'Clave32101*' into Confirm Password, Jorge clicks on CheckBox 01, Jorge clicks on CheckBox 02, Jorge clicks on Complete Setup]]
[Test worker] WARN net.thucydides.core.steps.BaseStepListener - stepFinished: current outcome:Successful user registration:Given Jorge wants to register on the platform [Jorge open up [Jorge opens the Plattform page, Jorge clicks on Join button]], When the user completes all the information in the form
| strFirstName | strLastName | strEmail | strBirthMonth | strBirthDay | strBirthYear | strCity | strZip | strCountry | strPassword |
| Jorge | Luis | mcenf2023@gmail.com | December | 27 | 1984 | Bogotá | 57091 | Colombia | Clave32101* | [Jorge fill out about [Jorge enters 'Jorge' into First Name, Jorge enters 'Luis' into Last Name, Jorge enters 'mcenf2023@gmail.com' into Email, Jorge select December on Birth Month, Jorge select 27 on Birth Day, Jorge select 1984 on Birth Year, Jorge clicks on Button Location], Jorge f ill out location [Jorge enters 'Bogotá' into City, Jorge types 'ARROW_DOWN' in City, Jorge types 'ENTER' in City, Jorge enters '57091' into Zip, Jorge clicks on Div Country, Jorge enters 'Colombia' into Country, Jorge clicks on Button to Devices], Jorge fill out devices [Jorge clicks on Button Last Step], Jorge fill out last step [Jorge enters 'Clave32101*' into Password, Jorge enters 'Clave32101*' into Confirm Password, Jorge clicks on CheckBox 01, Jorge clicks on CheckBox 02, Jorge clicks on Complete Setup]]
[Test worker] WARN net.thucydides.core.steps.BaseStepListener - stepFinished: current outcome:Successful user registration:Given Jorge wants to register on the platform [Jorge open up [Jorge opens the Plattform page, Jorge clicks on Join button]], When the user completes all the information in the form
| strFirstName | strLastName | strEmail | strBirthMonth | strBirthDay | strBirthYear | strCity | strZip | strCountry | strPassword |
| Jorge | Luis | mcenf2023@gmail.com | December | 27 | 1984 | Bogotá | 57091 | Colombia | Clave32101* | [Jorge fill out about [Jorge enters 'Jorge' into First Name, Jorge enters 'Luis' into Last Name, Jorge enters 'mcenf2023@gmail.com' into Email, Jorge select December on Birth Month, Jorge select 27 on Birth Day, Jorge select 1984 on Birth Year, Jorge clicks on Button Location], Jorge f ill out location [Jorge enters 'Bogotá' into City, Jorge types 'ARROW_DOWN' in City, Jorge types 'ENTER' in City, Jorge enters '57091' into Zip, Jorge clicks on Div Country, Jorge enters 'Colombia' into Country, Jorge clicks on Button to Devices], Jorge fill out devices [Jorge clicks on Button Last Step], Jorge fill out last step [Jorge enters 'Clave32101*' into Password, Jorge enters 'Clave32101*' into Confirm Password, Jorge clicks on CheckBox 01, Jorge clicks on CheckBox 02, Jorge clicks on Complete Setup]]
[Test worker] WARN net.thucydides.core.steps.BaseStepListener - stepStarted: net.thucydides.core.steps.ExecutedStepDescription@2dbb5d42
[Test worker] WARN net.thucydides.core.steps.BaseStepListener - stepStarted: net.thucydides.core.steps.ExecutedStepDescription@59328734
[Test worker] WARN net.thucydides.core.steps.BaseStepListener - stepFinished: current outcome:Successful user registration:Given Jorge wants to register on the platform [Jorge open up [Jorge opens the Plattform page, Jorge clicks on Join button]], When the user completes all the information in the form
| strFirstName | strLastName | strEmail | strBirthMonth | strBirthDay | strBirthYear | strCity | strZip | strCountry | strPassword |
| Jorge | Luis | mcenf2023@gmail.com | December | 27 | 1984 | Bogotá | 57091 | Colombia | Clave32101* | [Jorge fill out about [Jorge enters 'Jorge' into First Name, Jorge enters 'Luis' into Last Name, Jorge enters 'mcenf2023@gmail.com' into Email, Jorge select December on Birth Month, Jorge select 27 on Birth Day, Jorge select 1984 on Birth Year, Jorge clicks on Button Location], Jorge f ill out location [Jorge enters 'Bogotá' into City, Jorge types 'ARROW_DOWN' in City, Jorge types 'ENTER' in City, Jorge enters '57091' into Zip, Jorge clicks on Div Country, Jorge enters 'Colombia' into Country, Jorge clicks on Button to Devices], Jorge fill out devices [Jorge clicks on Button Last Step], Jorge fill out last step [Jorge enters 'Clave32101*' into Password, Jorge enters 'Clave32101*' into Confirm Password, Jorge clicks on CheckBox 01, Jorge clicks on CheckBox 02, Jorge clicks on Complete Setup]], Then registration is complete when the Complete Setup button appears
| strFinal |
| Complete Setup | [Then answer]
[Test worker] WARN net.thucydides.core.steps.BaseStepListener - stepFinished: current outcome:Successful user registration:Given Jorge wants to register on the platform [Jorge open up [Jorge opens the Plattform page, Jorge clicks on Join button]], When the user completes all the information in the form
| strFirstName | strLastName | strEmail | strBirthMonth | strBirthDay | strBirthYear | strCity | strZip | strCountry | strPassword |
| Jorge | Luis | mcenf2023@gmail.com | December | 27 | 1984 | Bogotá | 57091 | Colombia | Clave32101* | [Jorge fill out about [Jorge enters 'Jorge' into First Name, Jorge enters 'Luis' into Last Name, Jorge enters 'mcenf2023@gmail.com' into Email, Jorge select December on Birth Month, Jorge select 27 on Birth Day, Jorge select 1984 on Birth Year, Jorge clicks on Button Location], Jorge f ill out location [Jorge enters 'Bogotá' into City, Jorge types 'ARROW_DOWN' in City, Jorge types 'ENTER' in City, Jorge enters '57091' into Zip, Jorge clicks on Div Country, Jorge enters 'Colombia' into Country, Jorge clicks on Button to Devices], Jorge fill out devices [Jorge clicks on Button Last Step], Jorge fill out last step [Jorge enters 'Clave32101*' into Password, Jorge enters 'Clave32101*' into Confirm Password, Jorge clicks on CheckBox 01, Jorge clicks on CheckBox 02, Jorge clicks on Complete Setup]], Then registration is complete when the Complete Setup button appears
| strFinal |
| Complete Setup | [Then answer]
[Test worker] WARN net.thucydides.core.steps.BaseStepListener - testFinished: Successful user registration:Given Jorge wants to register on the platform [Jorge open up [Jorge opens the Plattform page, Jorge clicks on Join button]], When the user completes all the information in the form
| strFirstName | strLastName | strEmail | strBirthMonth | strBirthDay | strBirthYear | strCity | strZip | strCountry | strPassword |
| Jorge | Luis | mcenf2023@gmail.com | December | 27 | 1984 | Bogotá | 57091 | Colombia | Clave32101* | [Jorge fill out about [Jorge enters 'Jorge' into First Name, Jorge enters 'Luis' into Last Name, Jorge enters 'mcenf2023@gmail.com' into Email, Jorge select December on Birth Month, Jorge select 27 on Birth Day, Jorge select 1984 on Birth Year, Jorge clicks on Button Location], Jorge f ill out location [Jorge enters 'Bogotá' into City, Jorge types 'ARROW_DOWN' in City, Jorge types 'ENTER' in City, Jorge enters '57091' into Zip, Jorge clicks on Div Country, Jorge enters 'Colombia' into Country, Jorge clicks on Button to Devices], Jorge fill out devices [Jorge clicks on Button Last Step], Jorge fill out last step [Jorge enters 'Clave32101*' into Password, Jorge enters 'Clave32101*' into Confirm Password, Jorge clicks on CheckBox 01, Jorge clicks on CheckBox 02, Jorge clicks on Complete Setup]], Then registration is complete when the Complete Setup button appears
| strFinal |
| Complete Setup | [Then answer]
[Test worker] WARN net.thucydides.core.steps.BaseStepListener - TestOutcomes: [Successful user registration:Given Jorge wants to register on the platform [Jorge open up [Jorge opens the Plattform page, Jorge clicks on Join button]], When the user completes all the information in the form
| strFirstName | strLastName | strEmail | strBirthMonth | strBirthDay | strBirthYear | strCity | strZip | strCountry | strPassword |
| Jorge | Luis | mcenf2023@gmail.com | December | 27 | 1984 | Bogotá | 57091 | Colombia | Clave32101* | [Jorge fill out about [Jorge enters 'Jorge' into First Name, Jorge enters 'Luis' into Last Name, Jorge enters 'mcenf2023@gmail.com' into Email, Jorge select December on Birth Month, Jorge select 27 on Birth Day, Jorge select 1984 on Birth Year, Jorge clicks on Button Location], Jorge f ill out location [Jorge enters 'Bogotá' into City, Jorge types 'ARROW_DOWN' in City, Jorge types 'ENTER' in City, Jorge enters '57091' into Zip, Jorge clicks on Div Country, Jorge enters 'Colombia' into Country, Jorge clicks on Button to Devices], Jorge fill out devices [Jorge clicks on Button Last Step], Jorge fill out last step [Jorge enters 'Clave32101*' into Password, Jorge enters 'Clave32101*' into Confirm Password, Jorge clicks on CheckBox 01, Jorge clicks on CheckBox 02, Jorge clicks on Complete Setup]], Then registration is complete when the Complete Setup button appears
| strFinal |
| Complete Setup | [Then answer]]
[Test worker] WARN net.thucydides.core.steps.BaseStepListener - Final testOutcomes: [Successful user registration:Given Jorge wants to register on the platform [Jorge open up [Jorge opens the Plattform page, Jorge clicks on Join button]], When the user completes all the information in the form
| strFirstName | strLastName | strEmail | strBirthMonth | strBirthDay | strBirthYear | strCity | strZip | strCountry | strPassword |
| Jorge | Luis | mcenf2023@gmail.com | December | 27 | 1984 | Bogotá | 57091 | Colombia | Clave32101* | [Jorge fill out about [Jorge enters 'Jorge' into First Name, Jorge enters 'Luis' into Last Name, Jorge enters 'mcenf2023@gmail.com' into Email, Jorge select December on Birth Month, Jorge select 27 on Birth Day, Jorge select 1984 on Birth Year, Jorge clicks on Button Location], Jorge f ill out location [Jorge enters 'Bogotá' into City, Jorge types 'ARROW_DOWN' in City, Jorge types 'ENTER' in City, Jorge enters '57091' into Zip, Jorge clicks on Div Country, Jorge enters 'Colombia' into Country, Jorge clicks on Button to Devices], Jorge fill out devices [Jorge clicks on Button Last Step], Jorge fill out last step [Jorge enters 'Clave32101*' into Password, Jorge enters 'Clave32101*' into Confirm Password, Jorge clicks on CheckBox 01, Jorge clicks on CheckBox 02, Jorge clicks on Complete Setup]], Then registration is complete when the Complete Setup button appears
| strFinal |
| Complete Setup | [Then answer]]
[Test worker] INFO net.thucydides.core.steps.ConsoleLoggingListener - 
        __    _____ _____ ____ _____   ____   _    ____  ____  _____ ____  
  _     \ \  |_   _| ____/ ___|_   _| |  _ \ / \  / ___|/ ___|| ____|  _ \ 
 (_)_____| |   | | |  _| \___ \ | |   | |_) / _ \ \___ \\___ \|  _| | | | |
  _|_____| |   | | | |___ ___) || |   |  __/ ___ \ ___) |___) | |___| |_| |
 (_)     | |   |_| |_____|____/ |_|   |_| /_/   \_\____/|____/|_____|____/ 
        /_/                                                                

TEST PASSED: Successful user registration
----------------------------------------------------------------------------
]]></system-err>
</testsuite>
